[kernel] Parsing pgrp_simple.c (with preprocessing)
[wp] Running WP plugin...
[rte:annot] annotating function compute_fd_alloc
[rte:annot] annotating function decref
[rte:annot] annotating function incref
[rte:annot] annotating function mounth_index
[rte:annot] annotating function verify_mnthash_loop
[wp] 56 goals scheduled
[wp] [Timeout] typed_mounth_index_assert_3 (Qed 0.82ms) (Alt-Ergo)
[wp] [Timeout] typed_mounth_index_assert_2 (Qed 0.72ms) (Alt-Ergo)
[wp] [Timeout] typed_mounth_index_assert (Qed 0.68ms) (Alt-Ergo)
[wp] [Timeout] typed_mounth_index_ensures (Qed 1ms) (Alt-Ergo)
[wp] [Timeout] typed_verify_mnthash_loop_assert_2 (Qed 3ms) (Alt-Ergo)
[wp] [Timeout] typed_verify_mnthash_loop_assert (Qed 3ms) (Alt-Ergo)
[wp] [Timeout] typed_verify_mnthash_loop_loop_invariant_count_range_preserved (Qed 4ms) (Alt-Ergo)
[wp] Proved goals:   59 / 66
  Terminating:       5
  Unreachable:       5
  Qed:              40 (0.62ms-0.50ms-6ms)
  Alt-Ergo 2.6.2:    9 (15ms-21ms-30ms)
  Timeout:           7
